layers.%d.mixer.in_proj.weight first 10 weights: [-0.00982216  0.04308779  0.01028629 -0.14374447 -0.01294934 -0.03122506
  0.16599698  0.01164513  0.16256188 -0.03063241]
layers.%d.mixer.conv1d.weight first 10 weights: [ 0.          0.0057782  -0.13214648  0.05667075  0.          0.0012347
 -0.20627597 -0.00166553  0.          0.0033279 ]
layers.%d.mixer.conv1d.bias first 10 weights: [ 0.07317258  0.00870299  0.08828244  0.00813491  0.10372657 -0.1568926
 -0.2877965  -0.00575619  0.11106655 -0.16155261]
layers.%d.mixer.x_proj.weight first 10 weights: [-0.03682861  0.02284119 -0.08925633 -0.17541097 -0.08681056  0.03996229
  0.0338594   0.03954553 -0.08589727  0.0564374 ]
layers.%d.mixer.dt_proj.weight first 10 weights: [ 0.01461173 -0.02889287 -0.07303401  0.02388667 -0.0456594  -0.07437588
 -0.04915833 -0.02126987 -0.02539051  0.02963436]
layers.%d.mixer.dt_proj.bias first 10 weights: [-0.6869053 -1.5401248 -0.8218825 -2.025203  -1.1818092 -1.3370029
 -1.7902387 -1.4688429 -1.0379328 -1.4143726]
layers.%d.mixer.A first 10 weights: [-6.5988800e+01 -3.5150688e+00 -9.2033468e-02 -3.3355529e+00
 -3.8528156e+00 -4.3476265e+01 -1.5594551e+02 -2.0512927e+02
 -1.1671316e+01 -2.8202469e+00]
layers.%d.mixer.D first 10 weights: [-0.22430947  0.05872775 -0.19516689  0.09850845 -0.05018477  0.16527157
  0.45803475  0.11877864  0.02320042  0.13342664]
layers.%d.mixer.out_proj.weight first 10 weights: [-0.2674716   0.01636356 -0.3319203   0.16970436 -0.06127281  0.01942873
 -0.02394878  0.11095143 -0.01868618 -0.08332919]
layers.%d.norm.weight first 10 weights: [0.22940259 0.15114833 0.19811949 0.16797492 0.32607776 0.1675791
 0.15441395 0.15542021 0.15150803 0.15816432]
